2024-12-29T20:54:01.901+05:30  INFO 2636 --- [payroll] [http-nio-8081-exec-1] o.a.c.c.C.[Tomcat].[localhost].[/]       : Initializing Spring DispatcherServlet 'dispatcherServlet'
2024-12-29T20:54:01.902+05:30  INFO 2636 --- [payroll] [http-nio-8081-exec-1] o.s.web.servlet.DispatcherServlet        : Initializing Servlet 'dispatcherServlet'
2024-12-29T20:54:01.905+05:30  INFO 2636 --- [payroll] [http-nio-8081-exec-1] o.s.web.servlet.DispatcherServlet        : Completed initialization in 3 ms
2024-12-29T20:58:22.344+05:30  INFO 20932 --- [payroll] [restartedMain] com.mj.payroll.PayrollApplication        : Starting PayrollApplication using Java 21.0.3 with PID 20932 (C:\LearnWithJavith\Project\Microservice\payroll\target\classes started by muham in C:\LearnWithJavith\Project\Microservice\payroll)
2024-12-29T20:58:22.349+05:30  INFO 20932 --- [payroll] [restartedMain] com.mj.payroll.PayrollApplication        : No active profile set, falling back to 1 default profile: "default"
2024-12-29T20:58:23.508+05:30  INFO 20932 --- [payroll] [restartedMain] .e.DevToolsPropertyDefaultsPostProcessor : Devtools property defaults active! Set 'spring.devtools.add-properties' to 'false' to disable
2024-12-29T20:58:23.509+05:30  INFO 20932 --- [payroll] [restartedMain] .e.DevToolsPropertyDefaultsPostProcessor : For additional web related logging consider setting the 'logging.level.web' property to 'DEBUG'
2024-12-29T20:58:28.630+05:30  INFO 20932 --- [payroll] [restartedMain] .s.d.r.c.RepositoryConfigurationDelegate : Bootstrapping Spring Data JPA repositories in DEFAULT mode.
2024-12-29T20:58:29.030+05:30  INFO 20932 --- [payroll] [restartedMain] .s.d.r.c.RepositoryConfigurationDelegate : Finished Spring Data repository scanning in 281 ms. Found 1 JPA repository interface.
2024-12-29T20:58:34.424+05:30  INFO 20932 --- [payroll] [restartedMain] o.s.b.w.embedded.tomcat.TomcatWebServer  : Tomcat initialized with port 8081 (http)
2024-12-29T20:58:34.472+05:30  INFO 20932 --- [payroll] [restartedMain] o.apache.catalina.core.StandardService   : Starting service [Tomcat]
2024-12-29T20:58:34.478+05:30  INFO 20932 --- [payroll] [restartedMain] o.apache.catalina.core.StandardEngine    : Starting Servlet engine: [Apache Tomcat/10.1.34]
2024-12-29T20:58:34.658+05:30  INFO 20932 --- [payroll] [restartedMain] o.a.c.c.C.[Tomcat].[localhost].[/]       : Initializing Spring embedded WebApplicationContext
2024-12-29T20:58:34.662+05:30  INFO 20932 --- [payroll] [restartedMain] w.s.c.ServletWebServerApplicationContext : Root WebApplicationContext: initialization completed in 11150 ms
2024-12-29T20:58:35.793+05:30  INFO 20932 --- [payroll] [restartedMain] o.hibernate.jpa.internal.util.LogHelper  : HHH000204: Processing PersistenceUnitInfo [name: default]
2024-12-29T20:58:36.034+05:30  INFO 20932 --- [payroll] [restartedMain] org.hibernate.Version                    : HHH000412: Hibernate ORM core version 6.6.4.Final
2024-12-29T20:58:36.192+05:30  INFO 20932 --- [payroll] [restartedMain] o.h.c.internal.RegionFactoryInitiator    : HHH000026: Second-level cache disabled
2024-12-29T20:58:37.368+05:30  INFO 20932 --- [payroll] [restartedMain] o.s.o.j.p.SpringPersistenceUnitInfo      : No LoadTimeWeaver setup: ignoring JPA class transformer
2024-12-29T20:58:37.484+05:30  INFO 20932 --- [payroll] [restartedMain] com.zaxxer.hikari.HikariDataSource       : HikariPool-1 - Starting...
2024-12-29T20:58:39.830+05:30  INFO 20932 --- [payroll] [restartedMain] com.zaxxer.hikari.pool.HikariPool        : HikariPool-1 - Added connection com.mysql.cj.jdbc.ConnectionImpl@344846c2
2024-12-29T20:58:39.843+05:30  INFO 20932 --- [payroll] [restartedMain] com.zaxxer.hikari.HikariDataSource       : HikariPool-1 - Start completed.
2024-12-29T20:58:41.153+05:30  INFO 20932 --- [payroll] [restartedMain] org.hibernate.orm.connections.pooling    : HHH10001005: Database info:
	Database JDBC URL [Connecting through datasource 'HikariDataSource (HikariPool-1)']
	Database driver: undefined/unknown
	Database version: 8.4.1
	Autocommit mode: undefined/unknown
	Isolation level: undefined/unknown
	Minimum pool size: undefined/unknown
	Maximum pool size: undefined/unknown
2024-12-29T20:58:46.566+05:30  INFO 20932 --- [payroll] [restartedMain] o.h.e.t.j.p.i.JtaPlatformInitiator       : HHH000489: No JTA platform available (set 'hibernate.transaction.jta.platform' to enable JTA platform integration)
2024-12-29T20:58:46.650+05:30  INFO 20932 --- [payroll] [restartedMain] j.LocalContainerEntityManagerFactoryBean : Initialized JPA EntityManagerFactory for persistence unit 'default'
2024-12-29T20:58:47.679+05:30  WARN 20932 --- [payroll] [restartedMain] JpaBaseConfiguration$JpaWebConfiguration : spring.jpa.open-in-view is enabled by default. Therefore, database queries may be performed during view rendering. Explicitly configure spring.jpa.open-in-view to disable this warning
2024-12-29T20:58:47.873+05:30  INFO 20932 --- [payroll] [restartedMain] o.s.v.b.OptionalValidatorFactoryBean     : Failed to set up a Bean Validation provider: jakarta.validation.NoProviderFoundException: Unable to create a Configuration, because no Jakarta Bean Validation provider could be found. Add a provider like Hibernate Validator (RI) to your classpath.
2024-12-29T20:58:49.085+05:30  WARN 20932 --- [payroll] [restartedMain] o.s.b.d.a.OptionalLiveReloadServer       : Unable to start LiveReload server
2024-12-29T20:58:49.232+05:30  INFO 20932 --- [payroll] [restartedMain] o.s.b.w.embedded.tomcat.TomcatWebServer  : Tomcat started on port 8081 (http) with context path '/'
2024-12-29T20:58:49.277+05:30  INFO 20932 --- [payroll] [restartedMain] com.mj.payroll.PayrollApplication        : Started PayrollApplication in 30.699 seconds (process running for 36.014)
2024-12-29T21:06:08.592+05:30  INFO 20932 --- [payroll] [http-nio-8081-exec-1] o.a.c.c.C.[Tomcat].[localhost].[/]       : Initializing Spring DispatcherServlet 'dispatcherServlet'
2024-12-29T21:06:08.593+05:30  INFO 20932 --- [payroll] [http-nio-8081-exec-1] o.s.web.servlet.DispatcherServlet        : Initializing Servlet 'dispatcherServlet'
2024-12-29T21:06:08.600+05:30  INFO 20932 --- [payroll] [http-nio-8081-exec-1] o.s.web.servlet.DispatcherServlet        : Completed initialization in 6 ms
2024-12-29T22:46:26.208+05:30  INFO 9912 --- [payroll] [restartedMain] com.mj.payroll.PayrollApplication        : Starting PayrollApplication using Java 21.0.3 with PID 9912 (C:\LearnWithJavith\Project\Microservice\payroll\target\classes started by muham in C:\LearnWithJavith\Project\Microservice\payroll)
2024-12-29T22:46:26.219+05:30  INFO 9912 --- [payroll] [restartedMain] com.mj.payroll.PayrollApplication        : No active profile set, falling back to 1 default profile: "default"
2024-12-29T22:46:26.406+05:30  INFO 9912 --- [payroll] [restartedMain] .e.DevToolsPropertyDefaultsPostProcessor : Devtools property defaults active! Set 'spring.devtools.add-properties' to 'false' to disable
2024-12-29T22:46:26.412+05:30  INFO 9912 --- [payroll] [restartedMain] .e.DevToolsPropertyDefaultsPostProcessor : For additional web related logging consider setting the 'logging.level.web' property to 'DEBUG'
2024-12-29T22:46:28.908+05:30  INFO 9912 --- [payroll] [restartedMain] .s.d.r.c.RepositoryConfigurationDelegate : Bootstrapping Spring Data JPA repositories in DEFAULT mode.
2024-12-29T22:46:29.161+05:30  INFO 9912 --- [payroll] [restartedMain] .s.d.r.c.RepositoryConfigurationDelegate : Finished Spring Data repository scanning in 217 ms. Found 1 JPA repository interface.
2024-12-29T22:46:30.701+05:30  INFO 9912 --- [payroll] [restartedMain] o.s.b.w.embedded.tomcat.TomcatWebServer  : Tomcat initialized with port 8081 (http)
2024-12-29T22:46:30.742+05:30  INFO 9912 --- [payroll] [restartedMain] o.apache.catalina.core.StandardService   : Starting service [Tomcat]
2024-12-29T22:46:30.744+05:30  INFO 9912 --- [payroll] [restartedMain] o.apache.catalina.core.StandardEngine    : Starting Servlet engine: [Apache Tomcat/10.1.34]
2024-12-29T22:46:30.880+05:30  INFO 9912 --- [payroll] [restartedMain] o.a.c.c.C.[Tomcat].[localhost].[/]       : Initializing Spring embedded WebApplicationContext
2024-12-29T22:46:30.882+05:30  INFO 9912 --- [payroll] [restartedMain] w.s.c.ServletWebServerApplicationContext : Root WebApplicationContext: initialization completed in 4469 ms
2024-12-29T22:46:31.288+05:30  INFO 9912 --- [payroll] [restartedMain] o.hibernate.jpa.internal.util.LogHelper  : HHH000204: Processing PersistenceUnitInfo [name: default]
2024-12-29T22:46:31.455+05:30  INFO 9912 --- [payroll] [restartedMain] org.hibernate.Version                    : HHH000412: Hibernate ORM core version 6.6.4.Final
2024-12-29T22:46:31.541+05:30  INFO 9912 --- [payroll] [restartedMain] o.h.c.internal.RegionFactoryInitiator    : HHH000026: Second-level cache disabled
2024-12-29T22:46:32.304+05:30  INFO 9912 --- [payroll] [restartedMain] o.s.o.j.p.SpringPersistenceUnitInfo      : No LoadTimeWeaver setup: ignoring JPA class transformer
2024-12-29T22:46:32.383+05:30  INFO 9912 --- [payroll] [restartedMain] com.zaxxer.hikari.HikariDataSource       : HikariPool-1 - Starting...
2024-12-29T22:46:33.384+05:30  INFO 9912 --- [payroll] [restartedMain] com.zaxxer.hikari.pool.HikariPool        : HikariPool-1 - Added connection com.mysql.cj.jdbc.ConnectionImpl@7f444c08
2024-12-29T22:46:33.391+05:30  INFO 9912 --- [payroll] [restartedMain] com.zaxxer.hikari.HikariDataSource       : HikariPool-1 - Start completed.
2024-12-29T22:46:33.659+05:30  INFO 9912 --- [payroll] [restartedMain] org.hibernate.orm.connections.pooling    : HHH10001005: Database info:
	Database JDBC URL [Connecting through datasource 'HikariDataSource (HikariPool-1)']
	Database driver: undefined/unknown
	Database version: 8.4.1
	Autocommit mode: undefined/unknown
	Isolation level: undefined/unknown
	Minimum pool size: undefined/unknown
	Maximum pool size: undefined/unknown
2024-12-29T22:46:35.909+05:30  INFO 9912 --- [payroll] [restartedMain] o.h.e.t.j.p.i.JtaPlatformInitiator       : HHH000489: No JTA platform available (set 'hibernate.transaction.jta.platform' to enable JTA platform integration)
2024-12-29T22:46:36.039+05:30  INFO 9912 --- [payroll] [restartedMain] j.LocalContainerEntityManagerFactoryBean : Initialized JPA EntityManagerFactory for persistence unit 'default'
2024-12-29T22:46:37.034+05:30  WARN 9912 --- [payroll] [restartedMain] JpaBaseConfiguration$JpaWebConfiguration : spring.jpa.open-in-view is enabled by default. Therefore, database queries may be performed during view rendering. Explicitly configure spring.jpa.open-in-view to disable this warning
2024-12-29T22:46:37.152+05:30  INFO 9912 --- [payroll] [restartedMain] o.s.v.b.OptionalValidatorFactoryBean     : Failed to set up a Bean Validation provider: jakarta.validation.NoProviderFoundException: Unable to create a Configuration, because no Jakarta Bean Validation provider could be found. Add a provider like Hibernate Validator (RI) to your classpath.
2024-12-29T22:46:38.237+05:30  WARN 9912 --- [payroll] [restartedMain] o.s.b.d.a.OptionalLiveReloadServer       : Unable to start LiveReload server
2024-12-29T22:46:38.351+05:30  INFO 9912 --- [payroll] [restartedMain] o.s.b.w.embedded.tomcat.TomcatWebServer  : Tomcat started on port 8081 (http) with context path '/'
2024-12-29T22:46:38.377+05:30  INFO 9912 --- [payroll] [restartedMain] com.mj.payroll.PayrollApplication        : Started PayrollApplication in 13.572 seconds (process running for 15.474)
2024-12-29T22:52:12.830+05:30  INFO 9912 --- [payroll] [http-nio-8081-exec-1] o.a.c.c.C.[Tomcat].[localhost].[/]       : Initializing Spring DispatcherServlet 'dispatcherServlet'
2024-12-29T22:52:12.831+05:30  INFO 9912 --- [payroll] [http-nio-8081-exec-1] o.s.web.servlet.DispatcherServlet        : Initializing Servlet 'dispatcherServlet'
2024-12-29T22:52:12.836+05:30  INFO 9912 --- [payroll] [http-nio-8081-exec-1] o.s.web.servlet.DispatcherServlet        : Completed initialization in 4 ms
2024-12-29T22:56:57.129+05:30  INFO 19484 --- [payroll] [restartedMain] com.mj.payroll.PayrollApplication        : Starting PayrollApplication using Java 21.0.3 with PID 19484 (C:\LearnWithJavith\Project\Microservice\payroll\target\classes started by muham in C:\LearnWithJavith\Project\Microservice\payroll)
2024-12-29T22:56:57.148+05:30  INFO 19484 --- [payroll] [restartedMain] com.mj.payroll.PayrollApplication        : No active profile set, falling back to 1 default profile: "default"
2024-12-29T22:56:57.398+05:30  INFO 19484 --- [payroll] [restartedMain] .e.DevToolsPropertyDefaultsPostProcessor : Devtools property defaults active! Set 'spring.devtools.add-properties' to 'false' to disable
2024-12-29T22:56:57.399+05:30  INFO 19484 --- [payroll] [restartedMain] .e.DevToolsPropertyDefaultsPostProcessor : For additional web related logging consider setting the 'logging.level.web' property to 'DEBUG'
2024-12-29T22:57:04.190+05:30  INFO 19484 --- [payroll] [restartedMain] .s.d.r.c.RepositoryConfigurationDelegate : Bootstrapping Spring Data JPA repositories in DEFAULT mode.
2024-12-29T22:57:05.139+05:30  INFO 19484 --- [payroll] [restartedMain] .s.d.r.c.RepositoryConfigurationDelegate : Finished Spring Data repository scanning in 496 ms. Found 1 JPA repository interface.
2024-12-29T22:57:09.415+05:30  INFO 19484 --- [payroll] [restartedMain] o.s.b.w.embedded.tomcat.TomcatWebServer  : Tomcat initialized with port 8081 (http)
2024-12-29T22:57:09.499+05:30  INFO 19484 --- [payroll] [restartedMain] o.apache.catalina.core.StandardService   : Starting service [Tomcat]
2024-12-29T22:57:09.500+05:30  INFO 19484 --- [payroll] [restartedMain] o.apache.catalina.core.StandardEngine    : Starting Servlet engine: [Apache Tomcat/10.1.34]
2024-12-29T22:57:09.719+05:30  INFO 19484 --- [payroll] [restartedMain] o.a.c.c.C.[Tomcat].[localhost].[/]       : Initializing Spring embedded WebApplicationContext
2024-12-29T22:57:09.720+05:30  INFO 19484 --- [payroll] [restartedMain] w.s.c.ServletWebServerApplicationContext : Root WebApplicationContext: initialization completed in 12319 ms
2024-12-29T22:57:11.295+05:30  INFO 19484 --- [payroll] [restartedMain] o.hibernate.jpa.internal.util.LogHelper  : HHH000204: Processing PersistenceUnitInfo [name: default]
2024-12-29T22:57:12.214+05:30  INFO 19484 --- [payroll] [restartedMain] org.hibernate.Version                    : HHH000412: Hibernate ORM core version 6.6.4.Final
2024-12-29T22:57:12.515+05:30  INFO 19484 --- [payroll] [restartedMain] o.h.c.internal.RegionFactoryInitiator    : HHH000026: Second-level cache disabled
2024-12-29T22:57:14.901+05:30  INFO 19484 --- [payroll] [restartedMain] o.s.o.j.p.SpringPersistenceUnitInfo      : No LoadTimeWeaver setup: ignoring JPA class transformer
2024-12-29T22:57:15.063+05:30  INFO 19484 --- [payroll] [restartedMain] com.zaxxer.hikari.HikariDataSource       : HikariPool-1 - Starting...
2024-12-29T22:57:19.537+05:30  INFO 19484 --- [payroll] [restartedMain] com.zaxxer.hikari.pool.HikariPool        : HikariPool-1 - Added connection com.mysql.cj.jdbc.ConnectionImpl@e95041b
2024-12-29T22:57:19.548+05:30  INFO 19484 --- [payroll] [restartedMain] com.zaxxer.hikari.HikariDataSource       : HikariPool-1 - Start completed.
2024-12-29T22:57:20.079+05:30  INFO 19484 --- [payroll] [restartedMain] org.hibernate.orm.connections.pooling    : HHH10001005: Database info:
	Database JDBC URL [Connecting through datasource 'HikariDataSource (HikariPool-1)']
	Database driver: undefined/unknown
	Database version: 8.4.1
	Autocommit mode: undefined/unknown
	Isolation level: undefined/unknown
	Minimum pool size: undefined/unknown
	Maximum pool size: undefined/unknown
2024-12-29T22:57:23.618+05:30  INFO 19484 --- [payroll] [restartedMain] o.h.e.t.j.p.i.JtaPlatformInitiator       : HHH000489: No JTA platform available (set 'hibernate.transaction.jta.platform' to enable JTA platform integration)
2024-12-29T22:57:23.905+05:30  INFO 19484 --- [payroll] [restartedMain] j.LocalContainerEntityManagerFactoryBean : Initialized JPA EntityManagerFactory for persistence unit 'default'
2024-12-29T22:57:25.894+05:30  WARN 19484 --- [payroll] [restartedMain] JpaBaseConfiguration$JpaWebConfiguration : spring.jpa.open-in-view is enabled by default. Therefore, database queries may be performed during view rendering. Explicitly configure spring.jpa.open-in-view to disable this warning
2024-12-29T22:57:26.113+05:30  INFO 19484 --- [payroll] [restartedMain] o.s.v.b.OptionalValidatorFactoryBean     : Failed to set up a Bean Validation provider: jakarta.validation.NoProviderFoundException: Unable to create a Configuration, because no Jakarta Bean Validation provider could be found. Add a provider like Hibernate Validator (RI) to your classpath.
2024-12-29T22:57:27.769+05:30  INFO 19484 --- [payroll] [restartedMain] o.s.b.d.a.OptionalLiveReloadServer       : LiveReload server is running on port 35729
2024-12-29T22:57:28.591+05:30  INFO 19484 --- [payroll] [restartedMain] o.s.b.w.embedded.tomcat.TomcatWebServer  : Tomcat started on port 8081 (http) with context path '/'
2024-12-29T22:57:28.628+05:30  INFO 19484 --- [payroll] [restartedMain] com.mj.payroll.PayrollApplication        : Started PayrollApplication in 33.929 seconds (process running for 36.265)
2024-12-29T23:01:11.893+05:30  INFO 11160 --- [payroll] [restartedMain] com.mj.payroll.PayrollApplication        : Starting PayrollApplication using Java 21.0.3 with PID 11160 (C:\LearnWithJavith\Project\Microservice\payroll\target\classes started by muham in C:\LearnWithJavith\Project\Microservice\payroll)
2024-12-29T23:01:11.925+05:30  INFO 11160 --- [payroll] [restartedMain] com.mj.payroll.PayrollApplication        : No active profile set, falling back to 1 default profile: "default"
2024-12-29T23:01:12.424+05:30  INFO 11160 --- [payroll] [restartedMain] .e.DevToolsPropertyDefaultsPostProcessor : Devtools property defaults active! Set 'spring.devtools.add-properties' to 'false' to disable
2024-12-29T23:01:12.425+05:30  INFO 11160 --- [payroll] [restartedMain] .e.DevToolsPropertyDefaultsPostProcessor : For additional web related logging consider setting the 'logging.level.web' property to 'DEBUG'
2024-12-29T23:01:16.753+05:30  INFO 11160 --- [payroll] [restartedMain] .s.d.r.c.RepositoryConfigurationDelegate : Bootstrapping Spring Data JPA repositories in DEFAULT mode.
2024-12-29T23:01:17.058+05:30  INFO 11160 --- [payroll] [restartedMain] .s.d.r.c.RepositoryConfigurationDelegate : Finished Spring Data repository scanning in 213 ms. Found 1 JPA repository interface.
2024-12-29T23:01:18.807+05:30  INFO 11160 --- [payroll] [restartedMain] o.s.b.w.embedded.tomcat.TomcatWebServer  : Tomcat initialized with port 8081 (http)
2024-12-29T23:01:18.853+05:30  INFO 11160 --- [payroll] [restartedMain] o.apache.catalina.core.StandardService   : Starting service [Tomcat]
2024-12-29T23:01:18.853+05:30  INFO 11160 --- [payroll] [restartedMain] o.apache.catalina.core.StandardEngine    : Starting Servlet engine: [Apache Tomcat/10.1.34]
2024-12-29T23:01:18.985+05:30  INFO 11160 --- [payroll] [restartedMain] o.a.c.c.C.[Tomcat].[localhost].[/]       : Initializing Spring embedded WebApplicationContext
2024-12-29T23:01:18.988+05:30  INFO 11160 --- [payroll] [restartedMain] w.s.c.ServletWebServerApplicationContext : Root WebApplicationContext: initialization completed in 6562 ms
2024-12-29T23:01:19.463+05:30  INFO 11160 --- [payroll] [restartedMain] o.hibernate.jpa.internal.util.LogHelper  : HHH000204: Processing PersistenceUnitInfo [name: default]
2024-12-29T23:01:19.671+05:30  INFO 11160 --- [payroll] [restartedMain] org.hibernate.Version                    : HHH000412: Hibernate ORM core version 6.6.4.Final
2024-12-29T23:01:19.793+05:30  INFO 11160 --- [payroll] [restartedMain] o.h.c.internal.RegionFactoryInitiator    : HHH000026: Second-level cache disabled
2024-12-29T23:01:20.662+05:30  INFO 11160 --- [payroll] [restartedMain] o.s.o.j.p.SpringPersistenceUnitInfo      : No LoadTimeWeaver setup: ignoring JPA class transformer
2024-12-29T23:01:20.752+05:30  INFO 11160 --- [payroll] [restartedMain] com.zaxxer.hikari.HikariDataSource       : HikariPool-1 - Starting...
2024-12-29T23:01:21.757+05:30  INFO 11160 --- [payroll] [restartedMain] com.zaxxer.hikari.pool.HikariPool        : HikariPool-1 - Added connection com.mysql.cj.jdbc.ConnectionImpl@2f9219ca
2024-12-29T23:01:21.765+05:30  INFO 11160 --- [payroll] [restartedMain] com.zaxxer.hikari.HikariDataSource       : HikariPool-1 - Start completed.
2024-12-29T23:01:22.051+05:30  INFO 11160 --- [payroll] [restartedMain] org.hibernate.orm.connections.pooling    : HHH10001005: Database info:
	Database JDBC URL [Connecting through datasource 'HikariDataSource (HikariPool-1)']
	Database driver: undefined/unknown
	Database version: 8.4.1
	Autocommit mode: undefined/unknown
	Isolation level: undefined/unknown
	Minimum pool size: undefined/unknown
	Maximum pool size: undefined/unknown
2024-12-29T23:01:24.471+05:30  INFO 11160 --- [payroll] [restartedMain] o.h.e.t.j.p.i.JtaPlatformInitiator       : HHH000489: No JTA platform available (set 'hibernate.transaction.jta.platform' to enable JTA platform integration)
2024-12-29T23:01:24.602+05:30  INFO 11160 --- [payroll] [restartedMain] j.LocalContainerEntityManagerFactoryBean : Initialized JPA EntityManagerFactory for persistence unit 'default'
2024-12-29T23:01:25.613+05:30  WARN 11160 --- [payroll] [restartedMain] JpaBaseConfiguration$JpaWebConfiguration : spring.jpa.open-in-view is enabled by default. Therefore, database queries may be performed during view rendering. Explicitly configure spring.jpa.open-in-view to disable this warning
2024-12-29T23:01:25.736+05:30  INFO 11160 --- [payroll] [restartedMain] o.s.v.b.OptionalValidatorFactoryBean     : Failed to set up a Bean Validation provider: jakarta.validation.NoProviderFoundException: Unable to create a Configuration, because no Jakarta Bean Validation provider could be found. Add a provider like Hibernate Validator (RI) to your classpath.
2024-12-29T23:01:26.820+05:30  INFO 11160 --- [payroll] [restartedMain] o.s.b.d.a.OptionalLiveReloadServer       : LiveReload server is running on port 35729
2024-12-29T23:01:26.969+05:30  INFO 11160 --- [payroll] [restartedMain] o.s.b.w.embedded.tomcat.TomcatWebServer  : Tomcat started on port 8081 (http) with context path '/'
2024-12-29T23:01:27.026+05:30  INFO 11160 --- [payroll] [restartedMain] com.mj.payroll.PayrollApplication        : Started PayrollApplication in 18.007 seconds (process running for 19.868)
2024-12-29T23:02:24.695+05:30  INFO 11160 --- [payroll] [http-nio-8081-exec-1] o.a.c.c.C.[Tomcat].[localhost].[/]       : Initializing Spring DispatcherServlet 'dispatcherServlet'
2024-12-29T23:02:24.696+05:30  INFO 11160 --- [payroll] [http-nio-8081-exec-1] o.s.web.servlet.DispatcherServlet        : Initializing Servlet 'dispatcherServlet'
2024-12-29T23:02:24.700+05:30  INFO 11160 --- [payroll] [http-nio-8081-exec-1] o.s.web.servlet.DispatcherServlet        : Completed initialization in 3 ms
2024-12-29T23:26:40.457+05:30  INFO 10696 --- [payroll] [restartedMain] com.mj.payroll.PayrollApplication        : Starting PayrollApplication using Java 21.0.3 with PID 10696 (C:\LearnWithJavith\Project\Microservice\payroll\target\classes started by muham in C:\LearnWithJavith\Project\Microservice\payroll)
2024-12-29T23:26:40.462+05:30  INFO 10696 --- [payroll] [restartedMain] com.mj.payroll.PayrollApplication        : No active profile set, falling back to 1 default profile: "default"
2024-12-29T23:26:40.702+05:30  INFO 10696 --- [payroll] [restartedMain] .e.DevToolsPropertyDefaultsPostProcessor : Devtools property defaults active! Set 'spring.devtools.add-properties' to 'false' to disable
2024-12-29T23:26:40.703+05:30  INFO 10696 --- [payroll] [restartedMain] .e.DevToolsPropertyDefaultsPostProcessor : For additional web related logging consider setting the 'logging.level.web' property to 'DEBUG'
2024-12-29T23:26:43.161+05:30  INFO 10696 --- [payroll] [restartedMain] .s.d.r.c.RepositoryConfigurationDelegate : Bootstrapping Spring Data JPA repositories in DEFAULT mode.
2024-12-29T23:26:43.380+05:30  INFO 10696 --- [payroll] [restartedMain] .s.d.r.c.RepositoryConfigurationDelegate : Finished Spring Data repository scanning in 135 ms. Found 1 JPA repository interface.
2024-12-29T23:26:44.933+05:30  INFO 10696 --- [payroll] [restartedMain] o.s.b.w.embedded.tomcat.TomcatWebServer  : Tomcat initialized with port 8081 (http)
2024-12-29T23:26:44.968+05:30  INFO 10696 --- [payroll] [restartedMain] o.apache.catalina.core.StandardService   : Starting service [Tomcat]
2024-12-29T23:26:44.969+05:30  INFO 10696 --- [payroll] [restartedMain] o.apache.catalina.core.StandardEngine    : Starting Servlet engine: [Apache Tomcat/10.1.34]
2024-12-29T23:26:45.104+05:30  INFO 10696 --- [payroll] [restartedMain] o.a.c.c.C.[Tomcat].[localhost].[/]       : Initializing Spring embedded WebApplicationContext
2024-12-29T23:26:45.107+05:30  INFO 10696 --- [payroll] [restartedMain] w.s.c.ServletWebServerApplicationContext : Root WebApplicationContext: initialization completed in 4402 ms
2024-12-29T23:26:45.531+05:30  INFO 10696 --- [payroll] [restartedMain] o.hibernate.jpa.internal.util.LogHelper  : HHH000204: Processing PersistenceUnitInfo [name: default]
2024-12-29T23:26:45.691+05:30  INFO 10696 --- [payroll] [restartedMain] org.hibernate.Version                    : HHH000412: Hibernate ORM core version 6.6.4.Final
2024-12-29T23:26:45.786+05:30  INFO 10696 --- [payroll] [restartedMain] o.h.c.internal.RegionFactoryInitiator    : HHH000026: Second-level cache disabled
2024-12-29T23:26:46.538+05:30  INFO 10696 --- [payroll] [restartedMain] o.s.o.j.p.SpringPersistenceUnitInfo      : No LoadTimeWeaver setup: ignoring JPA class transformer
2024-12-29T23:26:46.624+05:30  INFO 10696 --- [payroll] [restartedMain] com.zaxxer.hikari.HikariDataSource       : HikariPool-1 - Starting...
2024-12-29T23:26:47.538+05:30  INFO 10696 --- [payroll] [restartedMain] com.zaxxer.hikari.pool.HikariPool        : HikariPool-1 - Added connection com.mysql.cj.jdbc.ConnectionImpl@3a51fa99
2024-12-29T23:26:47.544+05:30  INFO 10696 --- [payroll] [restartedMain] com.zaxxer.hikari.HikariDataSource       : HikariPool-1 - Start completed.
2024-12-29T23:26:47.799+05:30  INFO 10696 --- [payroll] [restartedMain] org.hibernate.orm.connections.pooling    : HHH10001005: Database info:
	Database JDBC URL [Connecting through datasource 'HikariDataSource (HikariPool-1)']
	Database driver: undefined/unknown
	Database version: 8.4.1
	Autocommit mode: undefined/unknown
	Isolation level: undefined/unknown
	Minimum pool size: undefined/unknown
	Maximum pool size: undefined/unknown
2024-12-29T23:26:49.987+05:30  INFO 10696 --- [payroll] [restartedMain] o.h.e.t.j.p.i.JtaPlatformInitiator       : HHH000489: No JTA platform available (set 'hibernate.transaction.jta.platform' to enable JTA platform integration)
2024-12-29T23:26:50.094+05:30  INFO 10696 --- [payroll] [restartedMain] j.LocalContainerEntityManagerFactoryBean : Initialized JPA EntityManagerFactory for persistence unit 'default'
2024-12-29T23:26:50.981+05:30  WARN 10696 --- [payroll] [restartedMain] JpaBaseConfiguration$JpaWebConfiguration : spring.jpa.open-in-view is enabled by default. Therefore, database queries may be performed during view rendering. Explicitly configure spring.jpa.open-in-view to disable this warning
2024-12-29T23:26:51.107+05:30  INFO 10696 --- [payroll] [restartedMain] o.s.v.b.OptionalValidatorFactoryBean     : Failed to set up a Bean Validation provider: jakarta.validation.NoProviderFoundException: Unable to create a Configuration, because no Jakarta Bean Validation provider could be found. Add a provider like Hibernate Validator (RI) to your classpath.
2024-12-29T23:26:52.078+05:30  INFO 10696 --- [payroll] [restartedMain] o.s.b.d.a.OptionalLiveReloadServer       : LiveReload server is running on port 35729
2024-12-29T23:26:52.200+05:30  INFO 10696 --- [payroll] [restartedMain] o.s.b.w.embedded.tomcat.TomcatWebServer  : Tomcat started on port 8081 (http) with context path '/'
2024-12-29T23:26:52.229+05:30  INFO 10696 --- [payroll] [restartedMain] com.mj.payroll.PayrollApplication        : Started PayrollApplication in 13.256 seconds (process running for 15.239)
2024-12-29T23:31:33.877+05:30  INFO 10696 --- [payroll] [http-nio-8081-exec-1] o.a.c.c.C.[Tomcat].[localhost].[/]       : Initializing Spring DispatcherServlet 'dispatcherServlet'
2024-12-29T23:31:33.878+05:30  INFO 10696 --- [payroll] [http-nio-8081-exec-1] o.s.web.servlet.DispatcherServlet        : Initializing Servlet 'dispatcherServlet'
2024-12-29T23:31:33.884+05:30  INFO 10696 --- [payroll] [http-nio-8081-exec-1] o.s.web.servlet.DispatcherServlet        : Completed initialization in 5 ms
